<?xml version="1.0" encoding="UTF-8"?>
<testsuite name="com.akhil.MediaControllerTests" time="0" tests="1" errors="0" skipped="1" failures="0">
  <properties>
[...]
</properties>
  <testcase name="contextLoads" classname="com.akhil.MediaControllerTests" time="0">
    <skipped/>
    <system-out><![CDATA[2017-05-17 22:11:37.709  INFO 9000 --- [           main] .b.t.a.w.s.WebMvcTestContextBootstrapper : Neither @ContextConfiguration nor @ContextHierarchy found for test class [com.akhil.MediaControllerTests], using SpringBootContextLoader
2017-05-17 22:11:37.710  INFO 9000 --- [           main] o.s.t.c.support.AbstractContextLoader    : Could not detect default resource locations for test class [com.akhil.MediaControllerTests]: no resource found for suffixes {-context.xml, Context.groovy}.
2017-05-17 22:11:37.710  INFO 9000 --- [           main] t.c.s.AnnotationConfigContextLoaderUtils : Could not detect default configuration classes for test class [com.akhil.MediaControllerTests]: MediaControllerTests does not declare any static, non-private, non-final, nested classes annotated with @Configuration.
2017-05-17 22:11:37.729  INFO 9000 --- [           main] .b.t.c.SpringBootTestContextBootstrapper : Found @SpringBootConfiguration com.akhil.JavaassigmentdemoApplication for test class com.akhil.MediaControllerTests
2017-05-17 22:11:37.733  INFO 9000 --- [           main] .b.t.a.w.s.WebMvcTestContextBootstrapper : Loaded default TestExecutionListener class names from location [META-INF/spring.factories]: [org.springframework.boot.test.mock.mockito.MockitoTestExecutionListener, org.springframework.boot.test.mock.mockito.ResetMocksTestExecutionListener, org.springframework.boot.test.autoconfigure.restdocs.RestDocsTestExecutionListener, org.springframework.boot.test.autoconfigure.web.client.MockRestServiceServerResetTestExecutionListener, org.springframework.boot.test.autoconfigure.web.servlet.MockMvcPrintOnlyOnFailureTestExecutionListener, org.springframework.boot.test.autoconfigure.web.servlet.WebDriverTestExecutionListener, org.springframework.test.context.web.ServletTestExecutionListener, org.springframework.test.context.support.DirtiesContextBeforeModesTestExecutionListener, org.springframework.test.context.support.DependencyInjectionTestExecutionListener, org.springframework.test.context.support.DirtiesContextTestExecutionListener, org.springframework.test.context.transaction.TransactionalTestExecutionListener, org.springframework.test.context.jdbc.SqlScriptsTestExecutionListener]
2017-05-17 22:11:37.736  INFO 9000 --- [           main] .b.t.a.w.s.WebMvcTestContextBootstrapper : Could not instantiate TestExecutionListener [org.springframework.test.context.jdbc.SqlScriptsTestExecutionListener]. Specify custom listener classes or make the default listener classes (and their required dependencies) available. Offending class: [org/springframework/transaction/interceptor/TransactionAttribute]
2017-05-17 22:11:37.737  INFO 9000 --- [           main] .b.t.a.w.s.WebMvcTestContextBootstrapper : Could not instantiate TestExecutionListener [org.springframework.test.context.transaction.TransactionalTestExecutionListener]. Specify custom listener classes or make the default listener classes (and their required dependencies) available. Offending class: [org/springframework/transaction/interceptor/TransactionAttributeSource]
2017-05-17 22:11:37.737  INFO 9000 --- [           main] .b.t.a.w.s.WebMvcTestContextBootstrapper : Using TestExecutionListeners: [org.springframework.test.context.web.ServletTestExecutionListener@f8f56b9, org.springframework.test.context.support.DirtiesContextBeforeModesTestExecutionListener@15fa55a6, org.springframework.boot.test.autoconfigure.SpringBootDependencyInjectionTestExecutionListener@4f186450, org.springframework.test.context.support.DirtiesContextTestExecutionListener@7fab4be7, org.springframework.boot.test.autoconfigure.restdocs.RestDocsTestExecutionListener@a64e035, org.springframework.boot.test.autoconfigure.web.client.MockRestServiceServerResetTestExecutionListener@4d74c3ba, org.springframework.boot.test.mock.mockito.MockitoTestExecutionListener@41c204a0, org.springframework.boot.test.autoconfigure.web.servlet.WebDriverTestExecutionListener@64138b0c, org.springframework.boot.test.mock.mockito.ResetMocksTestExecutionListener@49dbaaf3, org.springframework.boot.test.autoconfigure.web.servlet.MockMvcPrintOnlyOnFailureTestExecutionListener@22d9c961]
]]></system-out>
  </testcase>
</testsuite>